<?xml version="1.0" encoding="UTF-8"?>
<testsuite name="org.phdeh.a.astar.AStarMiltiplePathTest" tests="1" skipped="0" failures="0" errors="0" timestamp="2019-05-29T14:38:49" hostname="MacBook-Pro-MacBook.local" time="0.017">
  <properties/>
  <testcase name="multiplePaths" classname="org.phdeh.a.astar.AStarMiltiplePathTest" time="0.017"/>
  <system-out><![CDATA[]]></system-out>
  <system-err><![CDATA[]]></system-err>
</testsuite>
